[2015-11-01 23:22:17.035867] stock basics is fetched!
[2015-11-01 23:22:17.036291] all stock hist data is fetched!
[2015-11-01 23:22:17.036535] hfq and qfq is computed and saved!
[2015-11-02 07:20:09.723725] stock basics is fetched!
[2015-11-02 21:43:25.507976] hfq and qfq is computed and saved!
[2015-11-02 23:38:16.640313] stock basics is fetched!
[2015-11-02 23:42:00.453915] stock basics is fetched!
[2015-11-09 08:32:52.607856] all stock hist data is fetched!
[2015-11-09 08:37:02.603310] hfq and qfq is computed and saved!
[2015-11-09 09:34:21.729418] hfq and qfq is computed and saved!
[2015-11-09 09:40:32.135218] the price wave on table [data_hist] is indentified!
[2015-11-09 09:42:21.419731] the peaks and botts and days from newly one on table [profit] is reflesh!
[2015-11-09 09:43:06.419124] the prices on table [profit] is reflesh!

[2015-11-13 17:42:33.953612] stock basics is fetched!
[2015-11-13 18:00:07.766288] all stock hist data is fetched!

[2015-11-13 23:00:29.787841] stock basics is fetched!
[2015-11-13 23:01:01.851531] all stock hist data is fetched!


[2015-11-14 09:51:02.522487] all stock hist data is fetched!
[2015-11-14 10:17:39.397223] hfq & qfq is computed and saved!
[2015-11-14 10:26:31.916723] the price wave on table [data_hist] is indentified!
[2015-11-14 10:29:23.481253] the peaks and botts and days from newly one on table [profit] is reflesh!
[2015-11-14 10:33:27.654589] the prices on table [profit] is reflesh!

[2015-11-16 16:15:27.095475] all stock hist data is fetched!
[2015-11-16 16:58:10.338079] hfq & qfq is computed and saved!
[2015-11-16 17:09:11.600655] the price wave on table [data_hist] is indentified!
[2015-11-16 17:11:55.298340] the peaks and botts and days from newly one on table [profit] is reflesh!
[2015-11-16 17:16:31.193264] the prices on table [profit] is reflesh!

[2015-11-17 16:15:01.957748] all stock hist data is fetched!
[2015-11-17 17:04:07.802337] hfq & qfq is computed and saved!
[2015-11-17 17:12:46.969619] the price wave on table [data_hist] is indentified!
[2015-11-17 17:19:38.977639] the peaks and botts and days from newly one on table [profit] is reflesh!
[2015-11-17 17:22:09.726105] the prices on table [profit] is reflesh!

[2015-11-18 16:14:32.099718] all stock hist data is fetched!
[2015-11-18 17:05:05.416824] hfq & qfq is computed and saved!
[2015-11-18 17:14:53.118425] the price wave on table [data_hist] is indentified!
[2015-11-18 17:20:30.828073] the peaks and botts and days from newly one on table [profit] is reflesh!
[2015-11-18 17:26:26.648473] the prices on table [profit] is reflesh!

[2015-11-19 16:14:29.750213] all stock hist data is fetched!
[2015-11-19 17:06:43.158738] hfq & qfq is computed and saved!
[2015-11-19 17:16:21.794696] the price wave on table [data_hist] is indentified!
[2015-11-19 17:20:34.194726] the peaks and botts and days from newly one on table [profit] is reflesh!
[2015-11-19 17:28:50.470372] the prices on table [profit] is reflesh!

[2015-11-20 16:01:05.070716] stock basics is fetched!
[2015-11-20 16:17:42.285106] all stock hist data is fetched!
[2015-11-20 17:14:19.749119] hfq & qfq is computed and saved!
[2015-11-20 17:25:47.265632] the price wave on table [data_hist] is indentified!
[2015-11-20 17:33:41.134835] the peaks and botts and days from newly one on table [profit] is reflesh!
[2015-11-20 17:36:00.874152] the prices on table [profit] is reflesh!

[2015-11-23 16:14:44.461169] all stock hist data is fetched!
[2015-11-23 17:12:28.662474] hfq & qfq is computed and saved!
[2015-11-23 17:23:47.003727] the price wave on table [data_hist] is indentified!
[2015-11-23 17:30:53.938312] the peaks and botts and days from newly one on table [profit] is reflesh!
[2015-11-23 17:33:32.477885] the prices on table [profit] is reflesh!

[2015-11-24 16:15:03.686513] all stock hist data is fetched!
[2015-11-24 17:14:54.900293] hfq & qfq is computed and saved!
[2015-11-24 17:25:43.320257] the price wave on table [data_hist] is indentified!
[2015-11-24 17:29:16.134894] the peaks and botts and days from newly one on table [profit] is reflesh!
[2015-11-24 17:39:43.105951] the prices on table [profit] is reflesh!

[2015-11-25 16:15:15.153266] all stock hist data is fetched!
[2015-11-25 17:23:06.186195] hfq & qfq is computed and saved!
[2015-11-25 17:37:44.834405] the price wave on table [data_hist] is indentified!
[2015-11-25 17:41:56.014553] the peaks and botts and days from newly one on table [profit] is reflesh!
[2015-11-25 17:44:58.743056] the prices on table [profit] is reflesh!

[2015-11-26 16:14:55.670501] all stock hist data is fetched!
[2015-11-26 17:28:36.654923] hfq & qfq is computed and saved!
[2015-11-26 17:44:03.169294] the price wave on table [data_hist] is indentified!
[2015-11-26 17:47:02.907165] the peaks and botts and days from newly one on table [profit] is reflesh!
[2015-11-26 17:49:42.740987] the prices on table [profit] is reflesh!

[2015-11-27 16:01:01.093650] stock basics is fetched!
[2015-11-27 16:22:03.384754] all stock hist data is fetched!

[2015-11-30 16:16:28.192238] all stock hist data is fetched!

[2015-12-01 16:15:58.424111] all stock hist data is fetched!

[2015-12-02 16:15:56.540540] all stock hist data is fetched!

[2015-12-03 16:15:33.833920] all stock hist data is fetched!

[2015-12-04 13:17:09.932678] stock basics is fetched!

[2015-12-04 13:56:08.172326] stock basics is fetched!



[2015-12-04 16:00:57.038391] stock basics is fetched!
[2015-12-04 16:23:13.664847] all stock hist data is fetched!
[2015-12-04 18:06:17.385018] hfq & qfq is computed and saved!
[2015-12-04 18:26:13.955144] the price wave on table [data_hist] is indentified!
[2015-12-04 18:29:43.422363] the peaks and botts and days from newly one on table [profit] is reflesh!
[2015-12-04 18:32:44.584569] the prices on table [profit] is reflesh!

[2015-12-07 16:22:27.130548] all stock hist data is fetched!
[2015-12-07 18:13:39.556122] hfq & qfq is computed and saved!
[2015-12-07 18:33:05.393454] the price wave on table [data_hist] is indentified!
[2015-12-07 18:36:20.719184] the peaks and botts and days from newly one on table [profit] is reflesh!
[2015-12-07 18:40:41.515557] the prices on table [profit] is reflesh!

[2015-12-08 16:14:33.125691] all stock hist data is fetched!
[2015-12-08 17:53:21.711614] hfq & qfq is computed and saved!
[2015-12-08 18:04:14.177086] the price wave on table [data_hist] is indentified!
[2015-12-08 18:07:47.505452] the peaks and botts and days from newly one on table [profit] is reflesh!
[2015-12-08 18:26:47.392177] the prices on table [profit] is reflesh!

[2015-12-09 16:00:19.399231] all stock hist data is fetched!
[2015-12-09 16:00:25.500763] hfq & qfq is computed and saved!
[2015-12-09 16:00:31.629950] the price wave on table [data_hist] is indentified!
[2015-12-09 16:00:37.769947] the peaks and botts and days from newly one on table [profit] is reflesh!
[2015-12-09 16:00:43.946789] the prices on table [profit] is reflesh!

[2015-12-10 09:52:16.342213] all stock hist data is fetched!

[2015-12-10 16:15:24.091174] all stock hist data is fetched!
[2015-12-10 17:59:28.329188] hfq & qfq is computed and saved!
[2015-12-10 18:10:49.047938] the price wave on table [data_hist] is indentified!
[2015-12-10 18:14:27.962739] the peaks and botts and days from newly one on table [profit] is reflesh!
[2015-12-10 18:36:07.964643] the prices on table [profit] is reflesh!

[2015-12-11 16:01:09.592214] stock basics is fetched!
[2015-12-11 16:46:54.868991] all stock hist data is fetched!
[2015-12-11 19:25:09.976883] hfq & qfq is computed and saved!
[2015-12-11 19:37:15.395887] the price wave on table [data_hist] is indentified!
[2015-12-11 19:41:18.309494] the peaks and botts and days from newly one on table [profit] is reflesh!
[2015-12-11 20:00:59.384262] the prices on table [profit] is reflesh!


[2015-12-15 16:18:02.179712] all stock hist data is fetched!
[2015-12-15 18:12:03.420952] hfq & qfq is computed and saved!
[2015-12-15 18:34:54.858958] the price wave on table [data_hist] is indentified!
[2015-12-15 18:39:08.158956] the peaks and botts and days from newly one on table [profit] is reflesh!
[2015-12-15 18:46:00.350862] the prices on table [profit] is reflesh!

[2015-12-16 16:17:21.597657] all stock hist data is fetched!
[2015-12-16 18:10:09.530403] hfq & qfq is computed and saved!
[2015-12-16 18:23:06.170485] the price wave on table [data_hist] is indentified!
[2015-12-16 18:26:50.899465] the peaks and botts and days from newly one on table [profit] is reflesh!
[2015-12-16 18:48:51.857621] the prices on table [profit] is reflesh!

[2015-12-17 16:17:49.361503] all stock hist data is fetched!
[2015-12-17 18:07:56.787232] hfq & qfq is computed and saved!
[2015-12-17 18:30:25.813717] the price wave on table [data_hist] is indentified!
[2015-12-17 18:34:11.530247] the peaks and botts and days from newly one on table [profit] is reflesh!
[2015-12-17 18:39:37.163940] the prices on table [profit] is reflesh!

[2015-12-18 16:01:00.786041] stock basics is fetched!
[2015-12-18 17:03:15.506237] all stock hist data is fetched!
[2015-12-18 20:12:51.787793] hfq & qfq is computed and saved!
[2015-12-18 20:24:51.587428] the price wave on table [data_hist] is indentified!
[2015-12-18 20:28:50.238057] the peaks and botts and days from newly one on table [profit] is reflesh!
[2015-12-18 20:50:24.564568] the prices on table [profit] is reflesh!

[2015-12-21 16:18:24.543762] all stock hist data is fetched!
[2015-12-21 18:17:26.236770] hfq & qfq is computed and saved!
[2015-12-21 18:42:09.822562] the price wave on table [data_hist] is indentified!
[2015-12-21 18:46:07.593717] the peaks and botts and days from newly one on table [profit] is reflesh!
[2015-12-21 18:51:49.252153] the prices on table [profit] is reflesh!

[2015-12-22 16:18:22.738756] all stock hist data is fetched!
[2015-12-22 18:18:39.174252] hfq & qfq is computed and saved!
[2015-12-22 18:35:51.624230] the price wave on table [data_hist] is indentified!
[2015-12-22 18:39:59.112669] the peaks and botts and days from newly one on table [profit] is reflesh!
[2015-12-22 19:05:41.316083] the prices on table [profit] is reflesh!

[2015-12-23 16:18:12.276424] all stock hist data is fetched!
[2015-12-23 18:23:56.910630] hfq & qfq is computed and saved!
[2015-12-23 18:38:38.278857] the price wave on table [data_hist] is indentified!
[2015-12-23 18:43:13.350072] the peaks and botts and days from newly one on table [profit] is reflesh!
[2015-12-23 18:50:35.960679] the prices on table [profit] is reflesh!

[2015-12-24 16:17:43.152053] all stock hist data is fetched!
[2015-12-24 18:30:32.354773] hfq & qfq is computed and saved!
[2015-12-24 18:45:37.231297] the price wave on table [data_hist] is indentified!
[2015-12-24 18:49:52.596319] the peaks and botts and days from newly one on table [profit] is reflesh!
[2015-12-24 19:17:52.996250] the prices on table [profit] is reflesh!

[2015-12-25 16:00:54.342126] stock basics is fetched!
[2015-12-25 17:31:52.241231] all stock hist data is fetched!
[2015-12-25 21:46:13.160546] hfq & qfq is computed and saved!

[2015-12-28 08:54:30.710286] all stock hist data is fetched!

[2015-12-28 09:12:47.358458] all stock hist data is fetched!
[2015-12-28 09:50:56.094791] hfq & qfq is computed and saved!
[2015-12-28 10:05:05.878534] the price wave on table [data_hist] is indentified!
[2015-12-28 10:09:48.528722] the peaks and botts and days from newly one on table [profit] is reflesh!
[2015-12-28 10:15:46.314690] the prices on table [profit] is reflesh!

[2015-12-28 16:15:54.060009] all stock hist data is fetched!
[2015-12-28 18:35:00.120176] hfq & qfq is computed and saved!
[2015-12-28 18:51:51.309350] the price wave on table [data_hist] is indentified!
[2015-12-28 18:56:27.406545] the peaks and botts and days from newly one on table [profit] is reflesh!
[2015-12-28 19:23:34.663612] the prices on table [profit] is reflesh!

[2015-12-29 16:16:39.535932] all stock hist data is fetched!
[2015-12-29 18:49:48.349693] hfq & qfq is computed and saved!
[2015-12-29 19:06:28.617029] the price wave on table [data_hist] is indentified!
[2015-12-29 19:11:10.134243] the peaks and botts and days from newly one on table [profit] is reflesh!
[2015-12-29 19:43:19.560016] the prices on table [profit] is reflesh!

[2015-12-30 16:17:15.672692] all stock hist data is fetched!
[2015-12-30 18:49:07.798493] hfq & qfq is computed and saved!
[2015-12-30 19:06:16.006832] the price wave on table [data_hist] is indentified!
[2015-12-30 19:11:28.789240] the peaks and botts and days from newly one on table [profit] is reflesh!
[2015-12-30 19:48:15.807905] the prices on table [profit] is reflesh!

[2015-12-31 16:20:57.432604] all stock hist data is fetched!
[2015-12-31 18:52:04.447111] hfq & qfq is computed and saved!
[2015-12-31 19:08:26.671048] the price wave on table [data_hist] is indentified!
[2015-12-31 19:13:00.837395] the peaks and botts and days from newly one on table [profit] is reflesh!
[2015-12-31 19:58:05.166277] the prices on table [profit] is reflesh!

[2016-01-04 16:17:31.038255] all stock hist data is fetched!
[2016-01-04 16:47:06.509336] hfq & qfq is computed and saved!
[2016-01-04 17:11:37.507577] the price wave on table [data_hist] is indentified!
[2016-01-04 17:19:05.495262] the peaks and botts and days from newly one on table [profit] is reflesh!
[2016-01-04 17:22:36.873919] the prices on table [profit] is reflesh!

[2016-01-05 16:17:58.972749] all stock hist data is fetched!
[2016-01-05 16:46:50.035170] hfq & qfq is computed and saved!
[2016-01-05 17:08:11.389176] the price wave on table [data_hist] is indentified!
[2016-01-05 17:11:30.807363] the peaks and botts and days from newly one on table [profit] is reflesh!
[2016-01-05 17:15:09.165977] the prices on table [profit] is reflesh!

[2016-01-06 16:18:35.981902] all stock hist data is fetched!
[2016-01-06 16:53:30.680799] hfq & qfq is computed and saved!
[2016-01-06 17:18:52.749090] the price wave on table [data_hist] is indentified!
[2016-01-06 17:25:24.024260] the peaks and botts and days from newly one on table [profit] is reflesh!
[2016-01-06 17:29:29.165467] the prices on table [profit] is reflesh!

[2016-01-07 16:18:02.247796] all stock hist data is fetched!
[2016-01-07 16:43:01.645992] hfq & qfq is computed and saved!
[2016-01-07 17:04:39.025740] the price wave on table [data_hist] is indentified!
[2016-01-07 17:07:48.309454] the peaks and botts and days from newly one on table [profit] is reflesh!
[2016-01-07 17:10:34.796289] the prices on table [profit] is reflesh!

[2016-01-08 16:02:29.208863] stock basics is fetched!
[2016-01-08 16:20:29.070787] all stock hist data is fetched!
[2016-01-08 16:47:33.374220] hfq & qfq is computed and saved!
[2016-01-08 17:07:49.928114] the price wave on table [data_hist] is indentified!
[2016-01-08 17:10:58.058026] the peaks and botts and days from newly one on table [profit] is reflesh!
[2016-01-08 17:14:22.971185] the prices on table [profit] is reflesh!

[2016-01-11 16:17:58.103127] all stock hist data is fetched!
[2016-01-11 16:46:30.958340] hfq & qfq is computed and saved!
[2016-01-11 17:07:03.890553] the price wave on table [data_hist] is indentified!
[2016-01-11 17:10:22.640616] the peaks and botts and days from newly one on table [profit] is reflesh!
[2016-01-11 17:13:45.408802] the prices on table [profit] is reflesh!

[2016-01-12 16:18:19.685216] all stock hist data is fetched!
[2016-01-12 16:43:49.426764] hfq & qfq is computed and saved!
[2016-01-12 17:06:15.778108] the price wave on table [data_hist] is indentified!
[2016-01-12 17:09:29.395866] the peaks and botts and days from newly one on table [profit] is reflesh!
[2016-01-12 17:11:24.840668] the prices on table [profit] is reflesh!

[2016-01-13 16:18:10.040843] all stock hist data is fetched!
[2016-01-13 16:50:46.035890] hfq & qfq is computed and saved!
[2016-01-13 17:15:21.961449] the price wave on table [data_hist] is indentified!
[2016-01-13 17:21:13.862694] the peaks and botts and days from newly one on table [profit] is reflesh!
[2016-01-13 17:24:35.435311] the prices on table [profit] is reflesh!

[2016-01-14 16:18:04.072776] all stock hist data is fetched!
[2016-01-14 16:43:38.013581] hfq & qfq is computed and saved!
[2016-01-14 17:05:11.926224] the price wave on table [data_hist] is indentified!
[2016-01-14 17:08:24.546993] the peaks and botts and days from newly one on table [profit] is reflesh!
[2016-01-14 17:11:54.291149] the prices on table [profit] is reflesh!

[2016-01-15 16:02:22.157190] stock basics is fetched!
[2016-01-15 16:20:56.461577] all stock hist data is fetched!
[2016-01-15 16:48:06.251177] hfq & qfq is computed and saved!
[2016-01-15 17:08:33.189682] the price wave on table [data_hist] is indentified!
[2016-01-15 17:11:51.051178] the peaks and botts and days from newly one on table [profit] is reflesh!
[2016-01-15 17:15:14.043195] the prices on table [profit] is reflesh!

[2016-01-18 16:20:13.543654] all stock hist data is fetched!
[2016-01-18 16:48:10.065667] hfq & qfq is computed and saved!
[2016-01-18 17:11:16.074861] the price wave on table [data_hist] is indentified!
[2016-01-18 17:20:17.204237] the peaks and botts and days from newly one on table [profit] is reflesh!
[2016-01-18 17:23:57.476716] the prices on table [profit] is reflesh!

[2016-01-19 16:18:08.413017] all stock hist data is fetched!
[2016-01-19 16:38:14.695008] hfq & qfq is computed and saved!
[2016-01-19 17:03:48.461501] the price wave on table [data_hist] is indentified!
[2016-01-19 17:06:53.959742] the peaks and botts and days from newly one on table [profit] is reflesh!
[2016-01-19 17:10:57.561281] the prices on table [profit] is reflesh!

[2016-01-20 16:17:50.633677] all stock hist data is fetched!
[2016-01-20 16:45:54.050627] hfq & qfq is computed and saved!
[2016-01-20 17:06:09.424744] the price wave on table [data_hist] is indentified!
[2016-01-20 17:09:22.771152] the peaks and botts and days from newly one on table [profit] is reflesh!
[2016-01-20 17:11:56.393871] the prices on table [profit] is reflesh!

[2016-01-21 16:21:33.216049] all stock hist data is fetched!
[2016-01-21 16:50:41.636184] hfq & qfq is computed and saved!
[2016-01-21 17:10:49.031181] the price wave on table [data_hist] is indentified!
[2016-01-21 17:14:01.431939] the peaks and botts and days from newly one on table [profit] is reflesh!
[2016-01-21 17:16:23.010195] the prices on table [profit] is reflesh!

[2016-01-22 16:02:27.868370] stock basics is fetched!
[2016-01-22 16:23:59.600765] all stock hist data is fetched!
[2016-01-22 16:50:55.836087] hfq & qfq is computed and saved!
[2016-01-22 17:11:57.603858] the price wave on table [data_hist] is indentified!
[2016-01-22 17:15:14.946462] the peaks and botts and days from newly one on table [profit] is reflesh!
[2016-01-22 17:17:32.459443] the prices on table [profit] is reflesh!

[2016-01-25 16:17:39.195259] all stock hist data is fetched!
[2016-01-25 16:46:32.402038] hfq & qfq is computed and saved!
[2016-01-25 17:06:38.318843] the price wave on table [data_hist] is indentified!
[2016-01-25 17:09:53.968733] the peaks and botts and days from newly one on table [profit] is reflesh!
[2016-01-25 17:13:08.128426] the prices on table [profit] is reflesh!

[2016-01-26 16:17:36.995400] all stock hist data is fetched!
[2016-01-26 16:49:09.340975] hfq & qfq is computed and saved!
[2016-01-26 17:17:03.025047] the price wave on table [data_hist] is indentified!
[2016-01-26 17:20:17.051394] the peaks and botts and days from newly one on table [profit] is reflesh!
[2016-01-26 17:23:59.495736] the prices on table [profit] is reflesh!

[2016-01-27 16:17:43.608146] all stock hist data is fetched!
[2016-01-27 16:46:47.647144] hfq & qfq is computed and saved!
[2016-01-27 17:08:01.481913] the price wave on table [data_hist] is indentified!
[2016-01-27 17:11:11.266147] the peaks and botts and days from newly one on table [profit] is reflesh!
[2016-01-27 17:14:33.306576] the prices on table [profit] is reflesh!

[2016-01-28 16:17:48.241304] all stock hist data is fetched!
[2016-01-28 16:43:03.651605] hfq & qfq is computed and saved!
[2016-01-28 17:07:16.985871] the price wave on table [data_hist] is indentified!
[2016-01-28 17:10:22.068308] the peaks and botts and days from newly one on table [profit] is reflesh!
[2016-01-28 17:13:13.904840] the prices on table [profit] is reflesh!

[2016-01-29 16:02:34.948402] stock basics is fetched!
[2016-01-29 16:20:12.561083] all stock hist data is fetched!
[2016-01-29 16:52:58.014829] hfq & qfq is computed and saved!
[2016-01-29 17:16:56.769163] the price wave on table [data_hist] is indentified!
[2016-01-29 17:23:40.870839] the peaks and botts and days from newly one on table [profit] is reflesh!
[2016-01-29 17:27:03.079597] the prices on table [profit] is reflesh!

[2016-02-01 16:17:51.924581] all stock hist data is fetched!
[2016-02-01 16:49:39.590203] hfq & qfq is computed and saved!
[2016-02-01 17:13:00.576726] the price wave on table [data_hist] is indentified!
[2016-02-01 17:19:11.185677] the peaks and botts and days from newly one on table [profit] is reflesh!
[2016-02-01 17:23:13.964761] the prices on table [profit] is reflesh!

[2016-02-02 16:17:38.576131] all stock hist data is fetched!
[2016-02-02 16:49:09.242409] hfq & qfq is computed and saved!
[2016-02-02 17:09:15.841878] the price wave on table [data_hist] is indentified!
[2016-02-02 17:12:36.958186] the peaks and botts and days from newly one on table [profit] is reflesh!
[2016-02-02 17:15:35.500613] the prices on table [profit] is reflesh!

[2016-02-03 16:17:43.421977] all stock hist data is fetched!
[2016-02-03 16:48:20.369664] hfq & qfq is computed and saved!
[2016-02-03 17:08:37.053903] the price wave on table [data_hist] is indentified!
[2016-02-03 17:11:43.780204] the peaks and botts and days from newly one on table [profit] is reflesh!
[2016-02-03 17:14:50.985153] the prices on table [profit] is reflesh!

[2016-02-04 16:18:14.705428] all stock hist data is fetched!
[2016-02-04 16:49:05.907734] hfq & qfq is computed and saved!
[2016-02-04 17:12:00.417315] the price wave on table [data_hist] is indentified!
[2016-02-04 17:20:21.383344] the peaks and botts and days from newly one on table [profit] is reflesh!
[2016-02-04 17:23:28.949947] the prices on table [profit] is reflesh!

[2016-02-05 16:02:32.466456] stock basics is fetched!
[2016-02-05 16:23:13.135784] all stock hist data is fetched!
[2016-02-05 16:45:46.767238] hfq & qfq is computed and saved!
[2016-02-05 17:10:03.512002] the price wave on table [data_hist] is indentified!
[2016-02-05 17:13:03.715717] the peaks and botts and days from newly one on table [profit] is reflesh!
[2016-02-05 17:15:45.506047] the prices on table [profit] is reflesh!

[2016-02-08 16:19:40.424659] all stock hist data is fetched!
[2016-02-08 16:23:10.100112] hfq & qfq is computed and saved!
[2016-02-08 16:36:16.864535] the price wave on table [data_hist] is indentified!
[2016-02-08 16:39:35.174926] the peaks and botts and days from newly one on table [profit] is reflesh!
[2016-02-08 16:42:56.595195] the prices on table [profit] is reflesh!

[2016-02-09 16:18:02.319126] all stock hist data is fetched!
[2016-02-09 16:21:28.711433] hfq & qfq is computed and saved!
[2016-02-09 16:33:20.420055] the price wave on table [data_hist] is indentified!
[2016-02-09 16:39:46.874090] the peaks and botts and days from newly one on table [profit] is reflesh!
[2016-02-09 16:46:43.028305] the prices on table [profit] is reflesh!

[2016-02-10 16:17:29.423920] all stock hist data is fetched!
[2016-02-10 16:20:44.442985] hfq & qfq is computed and saved!
[2016-02-10 16:32:02.604840] the price wave on table [data_hist] is indentified!
[2016-02-10 16:35:16.588553] the peaks and botts and days from newly one on table [profit] is reflesh!
[2016-02-10 16:37:58.608214] the prices on table [profit] is reflesh!

[2016-02-11 16:17:45.912780] all stock hist data is fetched!
[2016-02-11 16:21:22.872655] hfq & qfq is computed and saved!
[2016-02-11 16:34:32.343852] the price wave on table [data_hist] is indentified!
[2016-02-11 16:37:48.821608] the peaks and botts and days from newly one on table [profit] is reflesh!
[2016-02-11 16:40:58.664629] the prices on table [profit] is reflesh!



[2016-02-16 16:00:06.094497] all stock hist data is fetched!
[2016-02-16 16:00:12.164169] hfq & qfq is computed and saved!
[2016-02-16 16:00:18.199757] the price wave on table [data_hist] is indentified!
[2016-02-16 16:00:24.238218] the peaks and botts and days from newly one on table [profit] is reflesh!
[2016-02-16 16:00:30.300372] the prices on table [profit] is reflesh!

[2016-02-17 16:21:30.363506] all stock hist data is fetched!
[2016-02-17 16:51:45.886638] hfq & qfq is computed and saved!
[2016-02-17 17:13:32.885886] the price wave on table [data_hist] is indentified!
[2016-02-17 17:17:51.281770] the peaks and botts and days from newly one on table [profit] is reflesh!
[2016-02-17 17:30:34.181771] the prices on table [profit] is reflesh!

[2016-02-18 16:53:34.739001] all stock hist data is fetched!
[2016-02-18 17:23:42.877318] hfq & qfq is computed and saved!
[2016-02-18 17:56:15.631790] the price wave on table [data_hist] is indentified!
[2016-02-18 18:00:15.959491] the peaks and botts and days from newly one on table [profit] is reflesh!
[2016-02-18 18:06:06.293211] the prices on table [profit] is reflesh!


[2016-02-22 16:21:03.321901] all stock hist data is fetched!
[2016-02-22 16:48:24.870305] hfq & qfq is computed and saved!
[2016-02-22 17:10:25.801133] the price wave on table [data_hist] is indentified!
[2016-02-22 17:13:52.549095] the peaks and botts and days from newly one on table [profit] is reflesh!
[2016-02-22 17:16:55.285789] the prices on table [profit] is reflesh!

[2016-02-23 16:21:31.565147] all stock hist data is fetched!
[2016-02-23 16:43:14.769647] hfq & qfq is computed and saved!
[2016-02-23 17:06:56.891035] the price wave on table [data_hist] is indentified!
[2016-02-23 17:10:04.740085] the peaks and botts and days from newly one on table [profit] is reflesh!
[2016-02-23 17:13:00.200460] the prices on table [profit] is reflesh!

[2016-02-24 16:19:24.155618] all stock hist data is fetched!
[2016-02-24 16:49:24.025508] hfq & qfq is computed and saved!
[2016-02-24 17:10:53.568905] the price wave on table [data_hist] is indentified!
[2016-02-24 17:14:16.695379] the peaks and botts and days from newly one on table [profit] is reflesh!
[2016-02-24 17:18:19.567410] the prices on table [profit] is reflesh!

[2016-02-25 16:19:51.678489] all stock hist data is fetched!
[2016-02-25 16:50:43.743147] hfq & qfq is computed and saved!
[2016-02-25 17:11:48.910421] the price wave on table [data_hist] is indentified!
[2016-02-25 17:15:11.828921] the peaks and botts and days from newly one on table [profit] is reflesh!
[2016-02-25 17:18:43.214617] the prices on table [profit] is reflesh!

[2016-02-26 16:02:31.503170] stock basics is fetched!
[2016-02-26 16:21:45.547545] all stock hist data is fetched!
[2016-02-26 16:51:27.463180] hfq & qfq is computed and saved!
[2016-02-26 17:12:15.300212] the price wave on table [data_hist] is indentified!
[2016-02-26 17:15:40.056344] the peaks and botts and days from newly one on table [profit] is reflesh!
[2016-02-26 17:19:07.100200] the prices on table [profit] is reflesh!

[2016-02-29 16:19:09.254728] all stock hist data is fetched!
[2016-02-29 16:48:20.289917] hfq & qfq is computed and saved!
[2016-02-29 17:10:10.727802] the price wave on table [data_hist] is indentified!
[2016-02-29 17:15:31.422948] the peaks and botts and days from newly one on table [profit] is reflesh!
[2016-02-29 17:25:07.479612] the prices on table [profit] is reflesh!

[2016-03-01 16:19:20.062709] all stock hist data is fetched!
[2016-03-01 16:43:20.384373] hfq & qfq is computed and saved!
[2016-03-01 17:09:05.471885] the price wave on table [data_hist] is indentified!
[2016-03-01 17:12:28.444358] the peaks and botts and days from newly one on table [profit] is reflesh!
[2016-03-01 17:15:28.668050] the prices on table [profit] is reflesh!

[2016-03-02 16:19:18.695735] all stock hist data is fetched!
[2016-03-02 16:43:17.509857] hfq & qfq is computed and saved!
[2016-03-02 17:06:32.398120] the price wave on table [data_hist] is indentified!
[2016-03-02 17:09:42.189129] the peaks and botts and days from newly one on table [profit] is reflesh!
[2016-03-02 17:14:25.177341] the prices on table [profit] is reflesh!


[2016-03-04 16:02:33.390935] stock basics is fetched!
[2016-03-04 16:23:39.882936] all stock hist data is fetched!
[2016-03-04 16:54:09.474060] hfq & qfq is computed and saved!
[2016-03-04 17:15:44.141690] the price wave on table [data_hist] is indentified!
[2016-03-04 17:19:01.008450] the peaks and botts and days from newly one on table [profit] is reflesh!
[2016-03-04 17:22:18.187226] the prices on table [profit] is reflesh!

[2016-03-07 16:19:18.648174] all stock hist data is fetched!
[2016-03-07 16:50:56.444944] hfq & qfq is computed and saved!
[2016-03-07 17:12:16.414422] the price wave on table [data_hist] is indentified!
[2016-03-07 17:15:35.626604] the peaks and botts and days from newly one on table [profit] is reflesh!
[2016-03-07 17:18:36.043261] the prices on table [profit] is reflesh!

[2016-03-08 16:19:10.239409] all stock hist data is fetched!
[2016-03-08 16:44:00.386455] hfq & qfq is computed and saved!
[2016-03-08 17:07:19.601800] the price wave on table [data_hist] is indentified!
[2016-03-08 17:10:36.595413] the peaks and botts and days from newly one on table [profit] is reflesh!
[2016-03-08 17:13:40.102500] the prices on table [profit] is reflesh!

[2016-03-09 16:19:20.071627] all stock hist data is fetched!
[2016-03-09 16:51:22.682673] hfq & qfq is computed and saved!
[2016-03-09 17:12:16.779847] the price wave on table [data_hist] is indentified!
[2016-03-09 17:15:36.721698] the peaks and botts and days from newly one on table [profit] is reflesh!
[2016-03-09 17:18:17.577122] the prices on table [profit] is reflesh!

[2016-03-10 16:19:16.635460] all stock hist data is fetched!
[2016-03-10 16:48:11.638117] hfq & qfq is computed and saved!
[2016-03-10 17:09:49.686244] the price wave on table [data_hist] is indentified!
[2016-03-10 17:13:16.307816] the peaks and botts and days from newly one on table [profit] is reflesh!
[2016-03-10 17:16:46.207562] the prices on table [profit] is reflesh!

[2016-03-11 16:02:34.676125] stock basics is fetched!
[2016-03-11 16:22:08.777882] all stock hist data is fetched!
[2016-03-11 16:53:17.846917] hfq & qfq is computed and saved!
[2016-03-11 17:21:23.494483] the price wave on table [data_hist] is indentified!
[2016-03-11 17:25:49.212098] the peaks and botts and days from newly one on table [profit] is reflesh!
[2016-03-11 17:28:49.250862] the prices on table [profit] is reflesh!

[2016-03-14 16:19:26.551134] all stock hist data is fetched!
[2016-03-14 16:48:57.267392] hfq & qfq is computed and saved!
[2016-03-14 17:10:24.665793] the price wave on table [data_hist] is indentified!
[2016-03-14 17:13:41.598804] the peaks and botts and days from newly one on table [profit] is reflesh!
[2016-03-14 17:16:55.068363] the prices on table [profit] is reflesh!

[2016-03-15 16:20:10.080800] all stock hist data is fetched!
[2016-03-15 16:43:31.444542] hfq & qfq is computed and saved!
[2016-03-15 17:07:53.776020] the price wave on table [data_hist] is indentified!
[2016-03-15 17:11:04.182444] the peaks and botts and days from newly one on table [profit] is reflesh!
[2016-03-15 17:13:39.079033] the prices on table [profit] is reflesh!

[2016-03-16 16:19:31.740017] all stock hist data is fetched!
[2016-03-16 16:45:37.439850] hfq & qfq is computed and saved!
[2016-03-16 17:09:12.820730] the price wave on table [data_hist] is indentified!
[2016-03-16 17:12:38.112568] the peaks and botts and days from newly one on table [profit] is reflesh!
[2016-03-16 17:15:20.243203] the prices on table [profit] is reflesh!

[2016-03-17 16:20:23.675266] all stock hist data is fetched!
[2016-03-17 16:51:25.682950] hfq & qfq is computed and saved!
[2016-03-17 17:12:57.217265] the price wave on table [data_hist] is indentified!
[2016-03-17 17:16:19.525963] the peaks and botts and days from newly one on table [profit] is reflesh!
[2016-03-17 17:20:32.994370] the prices on table [profit] is reflesh!



[2016-03-22 16:20:09.535558] all stock hist data is fetched!
[2016-03-22 16:54:29.537329] hfq & qfq is computed and saved!
[2016-03-22 17:20:44.182875] the price wave on table [data_hist] is indentified!
[2016-03-22 17:28:21.733680] the peaks and botts and days from newly one on table [profit] is reflesh!
[2016-03-22 17:32:20.870221] the prices on table [profit] is reflesh!

[2016-03-23 16:20:47.135218] all stock hist data is fetched!
[2016-03-23 16:51:30.924126] hfq & qfq is computed and saved!
[2016-03-23 17:16:42.982091] the price wave on table [data_hist] is indentified!
[2016-03-23 17:19:58.984573] the peaks and botts and days from newly one on table [profit] is reflesh!
[2016-03-23 17:24:22.973910] the prices on table [profit] is reflesh!

[2016-03-24 16:19:59.760192] all stock hist data is fetched!
[2016-03-24 16:45:23.535944] hfq & qfq is computed and saved!
[2016-03-24 17:10:57.087368] the price wave on table [data_hist] is indentified!
[2016-03-24 17:14:16.317330] the peaks and botts and days from newly one on table [profit] is reflesh!
[2016-03-24 17:18:46.441969] the prices on table [profit] is reflesh!

[2016-03-25 16:02:32.012638] stock basics is fetched!
[2016-03-25 16:22:11.569608] all stock hist data is fetched!
[2016-03-25 16:52:09.812672] hfq & qfq is computed and saved!
[2016-03-25 17:15:05.828674] the price wave on table [data_hist] is indentified!
[2016-03-25 17:18:23.727063] the peaks and botts and days from newly one on table [profit] is reflesh!
[2016-03-25 17:21:52.245363] the prices on table [profit] is reflesh!

[2016-03-28 16:19:49.132327] all stock hist data is fetched!
[2016-03-28 16:45:55.390701] hfq & qfq is computed and saved!
[2016-03-28 17:12:56.131844] the price wave on table [data_hist] is indentified!
[2016-03-28 17:16:16.437652] the peaks and botts and days from newly one on table [profit] is reflesh!
[2016-03-28 17:21:02.252653] the prices on table [profit] is reflesh!

[2016-03-29 16:26:53.227215] all stock hist data is fetched!
[2016-03-29 16:50:53.482589] hfq & qfq is computed and saved!
[2016-03-29 17:18:04.965373] the price wave on table [data_hist] is indentified!
[2016-03-29 17:21:22.310591] the peaks and botts and days from newly one on table [profit] is reflesh!
[2016-03-29 17:25:25.354812] the prices on table [profit] is reflesh!

[2016-03-30 16:32:02.484495] all stock hist data is fetched!
[2016-03-30 17:02:23.786467] hfq & qfq is computed and saved!
[2016-03-30 17:25:16.107655] the price wave on table [data_hist] is indentified!
[2016-03-30 17:28:30.746765] the peaks and botts and days from newly one on table [profit] is reflesh!
[2016-03-30 17:30:30.021063] the prices on table [profit] is reflesh!

[2016-03-31 16:20:41.578851] all stock hist data is fetched!
[2016-03-31 16:50:58.553822] hfq & qfq is computed and saved!
[2016-03-31 17:13:33.895387] the price wave on table [data_hist] is indentified!
[2016-03-31 17:16:56.826236] the peaks and botts and days from newly one on table [profit] is reflesh!
[2016-03-31 17:19:29.762713] the prices on table [profit] is reflesh!


[2016-04-04 16:23:15.895047] all stock hist data is fetched!
[2016-04-04 16:48:31.700928] hfq & qfq is computed and saved!
[2016-04-04 17:12:51.005541] the price wave on table [data_hist] is indentified!
[2016-04-04 17:16:08.397503] the peaks and botts and days from newly one on table [profit] is reflesh!
[2016-04-04 17:18:13.415983] the prices on table [profit] is reflesh!

[2016-04-05 16:20:02.949038] all stock hist data is fetched!
[2016-04-05 16:41:55.252107] hfq & qfq is computed and saved!
[2016-04-05 17:10:19.500455] the price wave on table [data_hist] is indentified!
[2016-04-05 17:13:35.563006] the peaks and botts and days from newly one on table [profit] is reflesh!
[2016-04-05 17:17:02.210341] the prices on table [profit] is reflesh!


[2016-04-07 16:20:43.933063] all stock hist data is fetched!
[2016-04-07 16:50:37.303078] hfq & qfq is computed and saved!
[2016-04-07 17:14:51.260043] the price wave on table [data_hist] is indentified!
[2016-04-07 17:18:04.954318] the peaks and botts and days from newly one on table [profit] is reflesh!
[2016-04-07 17:20:20.099779] the prices on table [profit] is reflesh!

[2016-04-08 16:02:30.645225] stock basics is fetched!
[2016-04-08 16:22:36.877512] all stock hist data is fetched!
[2016-04-08 16:53:32.653474] hfq & qfq is computed and saved!
[2016-04-08 17:16:00.831186] the price wave on table [data_hist] is indentified!
[2016-04-08 17:19:20.282464] the peaks and botts and days from newly one on table [profit] is reflesh!
[2016-04-08 17:22:15.499993] the prices on table [profit] is reflesh!

[2016-04-11 16:20:27.518184] all stock hist data is fetched!
[2016-04-11 16:45:02.778835] hfq & qfq is computed and saved!
[2016-04-11 17:10:15.415212] the price wave on table [data_hist] is indentified!
[2016-04-11 17:13:31.389427] the peaks and botts and days from newly one on table [profit] is reflesh!
[2016-04-11 17:16:17.128057] the prices on table [profit] is reflesh!

[2016-04-12 16:20:06.168233] all stock hist data is fetched!
[2016-04-12 16:41:45.373110] hfq & qfq is computed and saved!
[2016-04-12 17:10:27.250106] the price wave on table [data_hist] is indentified!
[2016-04-12 17:13:46.904928] the peaks and botts and days from newly one on table [profit] is reflesh!
[2016-04-12 17:16:56.532319] the prices on table [profit] is reflesh!

[2016-04-13 13:39:26.885929] all stock hist data is fetched!
[2016-04-13 13:43:10.921626] hfq & qfq is computed and saved!
[2016-04-13 13:56:56.330049] the price wave on table [data_hist] is indentified!
[2016-04-13 14:00:13.042329] the peaks and botts and days from newly one on table [profit] is reflesh!
[2016-04-13 14:03:06.088281] the prices on table [profit] is reflesh!


[2016-04-14 10:33:04.653471] all stock hist data is fetched!
[2016-04-14 11:02:32.572154] hfq & qfq is computed and saved!
[2016-04-14 11:26:43.844865] the price wave on table [data_hist] is indentified!
[2016-04-14 11:30:09.127850] the peaks and botts and days from newly one on table [profit] is reflesh!
[2016-04-14 11:33:27.992053] the prices on table [profit] is reflesh!

[2016-04-14 16:20:21.441478] all stock hist data is fetched!
[2016-04-14 16:53:14.628215] hfq & qfq is computed and saved!
[2016-04-14 17:21:49.279287] the price wave on table [data_hist] is indentified!
[2016-04-14 17:27:31.411499] the peaks and botts and days from newly one on table [profit] is reflesh!
[2016-04-14 17:30:39.986374] the prices on table [profit] is reflesh!

[2016-04-15 16:02:35.040310] stock basics is fetched!
[2016-04-15 16:23:00.590898] all stock hist data is fetched!
[2016-04-15 16:47:26.019468] hfq & qfq is computed and saved!
[2016-04-15 17:15:57.957091] the price wave on table [data_hist] is indentified!
[2016-04-15 17:19:07.520465] the peaks and botts and days from newly one on table [profit] is reflesh!
[2016-04-15 17:22:21.508782] the prices on table [profit] is reflesh!

[2016-04-18 16:21:10.339665] all stock hist data is fetched!
[2016-04-18 16:53:24.273677] hfq & qfq is computed and saved!
[2016-04-18 17:16:56.729330] the price wave on table [data_hist] is indentified!
[2016-04-18 17:20:14.262357] the peaks and botts and days from newly one on table [profit] is reflesh!
[2016-04-18 17:22:23.271224] the prices on table [profit] is reflesh!

[2016-04-19 16:21:28.879725] all stock hist data is fetched!
[2016-04-19 16:54:24.107599] hfq & qfq is computed and saved!
[2016-04-19 17:20:09.264970] the price wave on table [data_hist] is indentified!
[2016-04-19 17:23:32.957277] the peaks and botts and days from newly one on table [profit] is reflesh!
[2016-04-19 17:25:47.509139] the prices on table [profit] is reflesh!

[2016-04-20 16:20:20.647197] all stock hist data is fetched!
[2016-04-20 16:45:11.336114] hfq & qfq is computed and saved!
[2016-04-20 17:11:36.397413] the price wave on table [data_hist] is indentified!
[2016-04-20 17:14:53.090609] the peaks and botts and days from newly one on table [profit] is reflesh!
[2016-04-20 17:18:44.034194] the prices on table [profit] is reflesh!

[2016-04-21 16:24:21.708222] all stock hist data is fetched!
[2016-04-21 16:47:51.172377] hfq & qfq is computed and saved!
[2016-04-21 17:18:12.002792] the price wave on table [data_hist] is indentified!
[2016-04-21 17:21:25.428214] the peaks and botts and days from newly one on table [profit] is reflesh!
[2016-04-21 17:24:17.071773] the prices on table [profit] is reflesh!


[2016-05-07 16:21:49.910804] all stock hist data is fetched!
[2016-05-07 16:51:57.499690] hfq & qfq is computed and saved!
[2016-05-07 17:25:53.984524] the price wave on table [data_hist] is indentified!
[2016-05-07 17:29:19.038893] the peaks and botts and days from newly one on table [profit] is reflesh!
[2016-05-07 17:32:17.584655] the prices on table [profit] is reflesh!

[2016-05-09 16:02:02.439147] all stock hist data is fetched!
[2016-05-09 16:03:48.964871] hfq & qfq is computed and saved!
[2016-05-09 16:21:11.880172] the price wave on table [data_hist] is indentified!
[2016-05-09 16:24:34.028300] the peaks and botts and days from newly one on table [profit] is reflesh!
[2016-05-09 16:24:40.746938] the prices on table [profit] is reflesh!

[2016-05-10 16:22:40.234162] all stock hist data is fetched!
[2016-05-10 16:54:25.107924] hfq & qfq is computed and saved!
[2016-05-10 17:22:53.788882] the price wave on table [data_hist] is indentified!
[2016-05-10 17:26:05.202851] the peaks and botts and days from newly one on table [profit] is reflesh!
[2016-05-10 17:28:29.210540] the prices on table [profit] is reflesh!

[2016-05-11 16:22:46.218385] all stock hist data is fetched!
[2016-05-11 16:52:13.330025] hfq & qfq is computed and saved!
[2016-05-11 17:20:50.083059] the price wave on table [data_hist] is indentified!
[2016-05-11 17:24:11.366415] the peaks and botts and days from newly one on table [profit] is reflesh!
[2016-05-11 17:26:07.779807] the prices on table [profit] is reflesh!

[2016-05-12 16:18:37.215843] all stock hist data is fetched!
[2016-05-12 16:42:45.366983] hfq & qfq is computed and saved!
[2016-05-12 17:15:32.867287] the price wave on table [data_hist] is indentified!
[2016-05-12 17:18:49.699957] the peaks and botts and days from newly one on table [profit] is reflesh!
[2016-05-12 17:21:18.151120] the prices on table [profit] is reflesh!

[2016-05-13 16:02:35.822010] stock basics is fetched!
[2016-05-13 16:21:06.537768] all stock hist data is fetched!
[2016-05-13 16:46:32.818989] hfq & qfq is computed and saved!
[2016-05-13 17:20:23.767865] the price wave on table [data_hist] is indentified!
[2016-05-13 17:23:43.001429] the peaks and botts and days from newly one on table [profit] is reflesh!
[2016-05-13 17:26:56.810225] the prices on table [profit] is reflesh!

[2016-05-16 16:19:14.727894] all stock hist data is fetched!
[2016-05-16 16:48:10.347296] hfq & qfq is computed and saved!
[2016-05-16 17:19:11.902393] the price wave on table [data_hist] is indentified!
[2016-05-16 17:22:31.419245] the peaks and botts and days from newly one on table [profit] is reflesh!
[2016-05-16 17:27:06.947079] the prices on table [profit] is reflesh!

[2016-05-17 16:18:44.472672] all stock hist data is fetched!
[2016-05-17 16:47:58.099385] hfq & qfq is computed and saved!
[2016-05-17 17:20:56.214936] the price wave on table [data_hist] is indentified!
[2016-05-17 17:24:13.679038] the peaks and botts and days from newly one on table [profit] is reflesh!
[2016-05-17 17:26:37.175526] the prices on table [profit] is reflesh!

[2016-05-18 16:18:35.426870] all stock hist data is fetched!
[2016-05-18 16:44:56.787362] hfq & qfq is computed and saved!
[2016-05-18 17:17:49.885515] the price wave on table [data_hist] is indentified!
[2016-05-18 17:21:04.356957] the peaks and botts and days from newly one on table [profit] is reflesh!
[2016-05-18 17:23:30.229203] the prices on table [profit] is reflesh!

[2016-05-19 16:18:46.453325] all stock hist data is fetched!
[2016-05-19 16:43:12.150161] hfq & qfq is computed and saved!
[2016-05-19 17:17:05.940247] the price wave on table [data_hist] is indentified!
[2016-05-19 17:20:23.221739] the peaks and botts and days from newly one on table [profit] is reflesh!
[2016-05-19 17:23:09.873212] the prices on table [profit] is reflesh!


[2002-01-01 16:00:07.906176] all stock hist data is fetched!
[2002-01-01 16:00:14.129795] hfq & qfq is computed and saved!
[2002-01-01 16:00:20.354404] the price wave on table [data_hist] is indentified!
[2002-01-01 16:00:26.504071] the peaks and botts and days from newly one on table [profit] is reflesh!
[2002-01-01 16:00:32.695691] the prices on table [profit] is reflesh!

[2002-01-02 16:00:04.527374] all stock hist data is fetched!
[2002-01-02 16:00:10.733958] hfq & qfq is computed and saved!
[2002-01-02 16:00:16.989564] the price wave on table [data_hist] is indentified!
[2002-01-02 16:00:23.212190] the peaks and botts and days from newly one on table [profit] is reflesh!
[2002-01-02 16:00:29.371868] the prices on table [profit] is reflesh!

[2016-07-25 16:00:07.291710] all stock hist data is fetched!
[2016-07-25 16:00:14.746039] hfq & qfq is computed and saved!
[2016-07-25 16:00:20.962690] the price wave on table [data_hist] is indentified!
[2016-07-25 16:00:27.544196] the peaks and botts and days from newly one on table [profit] is reflesh!
[2016-07-25 16:00:33.782849] the prices on table [profit] is reflesh!

[2016-07-26 16:00:07.059156] all stock hist data is fetched!
[2016-07-26 16:00:13.257780] hfq & qfq is computed and saved!
[2016-07-26 16:00:19.478413] the price wave on table [data_hist] is indentified!
[2016-07-26 16:00:25.597026] the peaks and botts and days from newly one on table [profit] is reflesh!
[2016-07-26 16:00:31.751704] the prices on table [profit] is reflesh!

[2016-07-27 16:04:32.809197] all stock hist data is fetched!
[2016-07-27 16:06:07.239180] hfq & qfq is computed and saved!
[2016-07-27 16:09:10.072423] the price wave on table [data_hist] is indentified!
[2016-07-27 16:12:12.816545] the peaks and botts and days from newly one on table [profit] is reflesh!
[2016-07-27 16:13:47.307432] the prices on table [profit] is reflesh!

[2016-07-28 16:00:08.283097] all stock hist data is fetched!
[2016-07-28 16:00:14.493638] hfq & qfq is computed and saved!
[2016-07-28 16:00:20.985258] the price wave on table [data_hist] is indentified!
[2016-07-28 16:00:27.197884] the peaks and botts and days from newly one on table [profit] is reflesh!
[2016-07-28 16:00:33.359575] the prices on table [profit] is reflesh!


[2016-08-01 16:00:07.478739] all stock hist data is fetched!
[2016-08-01 16:00:13.601722] hfq & qfq is computed and saved!
[2016-08-01 16:00:19.660450] the price wave on table [data_hist] is indentified!
[2016-08-01 16:00:25.697315] the peaks and botts and days from newly one on table [profit] is reflesh!
[2016-08-01 16:00:31.743822] the prices on table [profit] is reflesh!

[2016-08-02 16:00:04.205505] all stock hist data is fetched!
[2016-08-02 16:00:10.331728] hfq & qfq is computed and saved!
[2016-08-02 16:00:16.381157] the price wave on table [data_hist] is indentified!
[2016-08-02 16:00:22.431254] the peaks and botts and days from newly one on table [profit] is reflesh!
[2016-08-02 16:00:28.486803] the prices on table [profit] is reflesh!

[2016-08-03 16:00:04.385229] all stock hist data is fetched!
[2016-08-03 16:00:10.478790] hfq & qfq is computed and saved!
[2016-08-03 16:00:16.524274] the price wave on table [data_hist] is indentified!
[2016-08-03 16:00:22.578238] the peaks and botts and days from newly one on table [profit] is reflesh!
[2016-08-03 16:00:28.603626] the prices on table [profit] is reflesh!

[2016-08-04 16:00:04.220251] all stock hist data is fetched!
[2016-08-04 16:00:10.332836] hfq & qfq is computed and saved!
[2016-08-04 16:00:16.376434] the price wave on table [data_hist] is indentified!
[2016-08-04 16:00:22.453941] the peaks and botts and days from newly one on table [profit] is reflesh!
[2016-08-04 16:00:28.513768] the prices on table [profit] is reflesh!


[2016-08-08 16:00:09.274414] all stock hist data is fetched!
[2016-08-08 16:00:15.458991] hfq & qfq is computed and saved!
[2016-08-08 16:00:21.652670] the price wave on table [data_hist] is indentified!
[2016-08-08 16:00:27.846315] the peaks and botts and days from newly one on table [profit] is reflesh!
[2016-08-08 16:00:33.962010] the prices on table [profit] is reflesh!

[2016-08-09 16:00:04.582332] all stock hist data is fetched!
[2016-08-09 16:00:10.818944] hfq & qfq is computed and saved!
[2016-08-09 16:00:17.045576] the price wave on table [data_hist] is indentified!
[2016-08-09 16:00:23.282214] the peaks and botts and days from newly one on table [profit] is reflesh!
[2016-08-09 16:00:29.416926] the prices on table [profit] is reflesh!

[2016-08-10 16:00:04.457822] all stock hist data is fetched!
[2016-08-10 16:00:10.657395] hfq & qfq is computed and saved!
[2016-08-10 16:00:16.921051] the price wave on table [data_hist] is indentified!
[2016-08-10 16:00:23.164691] the peaks and botts and days from newly one on table [profit] is reflesh!
[2016-08-10 16:00:29.380349] the prices on table [profit] is reflesh!

[2016-08-11 16:00:08.255438] all stock hist data is fetched!
[2016-08-11 16:00:14.346564] hfq & qfq is computed and saved!
[2016-08-11 16:00:20.467707] the price wave on table [data_hist] is indentified!
[2016-08-11 16:00:26.617716] the peaks and botts and days from newly one on table [profit] is reflesh!
[2016-08-11 16:00:32.783137] the prices on table [profit] is reflesh!


[2016-08-15 16:00:10.696205] all stock hist data is fetched!
[2016-08-15 16:00:19.461265] hfq & qfq is computed and saved!
[2016-08-15 16:00:26.941625] the price wave on table [data_hist] is indentified!
[2016-08-15 16:00:35.584764] the peaks and botts and days from newly one on table [profit] is reflesh!
[2016-08-15 16:00:41.779426] the prices on table [profit] is reflesh!

[2016-08-16 16:00:04.481405] all stock hist data is fetched!
[2016-08-16 16:00:10.678045] hfq & qfq is computed and saved!
[2016-08-16 16:00:17.059679] the price wave on table [data_hist] is indentified!
[2016-08-16 16:00:24.506018] the peaks and botts and days from newly one on table [profit] is reflesh!
[2016-08-16 16:00:30.704702] the prices on table [profit] is reflesh!

[2016-08-17 16:00:04.652214] all stock hist data is fetched!
[2016-08-17 16:00:10.827881] hfq & qfq is computed and saved!
[2016-08-17 16:00:17.054506] the price wave on table [data_hist] is indentified!
[2016-08-17 16:00:23.246239] the peaks and botts and days from newly one on table [profit] is reflesh!
[2016-08-17 16:00:29.449840] the prices on table [profit] is reflesh!

[2016-08-18 16:00:04.484692] all stock hist data is fetched!
[2016-08-18 16:00:10.623289] hfq & qfq is computed and saved!
[2016-08-18 16:00:16.798949] the price wave on table [data_hist] is indentified!
[2016-08-18 16:00:22.968607] the peaks and botts and days from newly one on table [profit] is reflesh!
[2016-08-18 16:00:29.153306] the prices on table [profit] is reflesh!


[2016-08-22 16:00:04.570743] all stock hist data is fetched!
[2016-08-22 16:00:10.754347] hfq & qfq is computed and saved!
[2016-08-22 16:00:16.934997] the price wave on table [data_hist] is indentified!
[2016-08-22 16:00:23.162662] the peaks and botts and days from newly one on table [profit] is reflesh!
[2016-08-22 16:00:29.277346] the prices on table [profit] is reflesh!

[2016-08-23 16:00:04.459807] all stock hist data is fetched!
[2016-08-23 16:00:10.664427] hfq & qfq is computed and saved!
[2016-08-23 16:00:16.842086] the price wave on table [data_hist] is indentified!
[2016-08-23 16:00:23.075772] the peaks and botts and days from newly one on table [profit] is reflesh!
[2016-08-23 16:00:29.274411] the prices on table [profit] is reflesh!

[2016-08-24 16:00:04.526235] all stock hist data is fetched!
[2016-08-24 16:00:10.766857] hfq & qfq is computed and saved!
[2016-08-24 16:00:17.291432] the price wave on table [data_hist] is indentified!
[2016-08-24 16:00:26.490439] the peaks and botts and days from newly one on table [profit] is reflesh!
[2016-08-24 16:00:37.715012] the prices on table [profit] is reflesh!

[2016-08-25 16:00:04.402932] all stock hist data is fetched!
[2016-08-25 16:00:10.592568] hfq & qfq is computed and saved!
[2016-08-25 16:00:18.047941] the price wave on table [data_hist] is indentified!
[2016-08-25 16:00:25.508294] the peaks and botts and days from newly one on table [profit] is reflesh!
[2016-08-25 16:00:31.616004] the prices on table [profit] is reflesh!


[2016-08-29 10:36:37.474570] all stock hist data is fetched!
[2016-08-29 10:36:43.601830] hfq & qfq is computed and saved!
[2016-08-29 10:36:49.779510] the price wave on table [data_hist] is indentified!
[2016-08-29 10:36:56.171198] the peaks and botts and days from newly one on table [profit] is reflesh!
[2016-08-29 10:37:07.530803] the prices on table [profit] is reflesh!


[2016-08-29 14:55:16.788865] all stock hist data is fetched!
[2016-08-29 15:45:38.059188] hfq & qfq is computed and saved!

[2016-08-29 16:37:49.335052] the price wave on table [data_hist] is indentified!
[2016-08-29 16:44:18.040382] the peaks and botts and days from newly one on table [profit] is reflesh!
[2016-08-29 16:50:11.218352] the prices on table [profit] is reflesh!

[2016-08-30 17:38:51.660362] all stock hist data is fetched!
[2016-08-30 18:07:37.272907] hfq & qfq is computed and saved!
[2016-08-30 18:43:36.665418] the price wave on table [data_hist] is indentified!
[2016-08-30 18:46:44.544024] the peaks and botts and days from newly one on table [profit] is reflesh!
[2016-08-30 18:48:58.234515] the prices on table [profit] is reflesh!

[2016-08-31 16:32:41.147127] all stock hist data is fetched!
[2016-08-31 17:01:32.619500] hfq & qfq is computed and saved!
[2016-08-31 17:36:11.348457] the price wave on table [data_hist] is indentified!
[2016-08-31 17:39:21.251136] the peaks and botts and days from newly one on table [profit] is reflesh!
[2016-08-31 17:40:16.713218] the prices on table [profit] is reflesh!

[2016-09-01 18:07:05.641926] all stock hist data is fetched!
[2016-09-01 18:36:49.845611] hfq & qfq is computed and saved!
[2016-09-01 19:11:37.929684] the price wave on table [data_hist] is indentified!
[2016-09-01 19:14:41.414200] the peaks and botts and days from newly one on table [profit] is reflesh!
[2016-09-01 19:15:46.609410] the prices on table [profit] is reflesh!

[2016-09-02 16:03:03.193752] stock basics is fetched!
[2016-09-02 17:20:39.693465] all stock hist data is fetched!
[2016-09-02 17:48:05.880691] hfq & qfq is computed and saved!
[2016-09-02 18:22:51.078933] the price wave on table [data_hist] is indentified!
[2016-09-02 18:25:55.770620] the peaks and botts and days from newly one on table [profit] is reflesh!
[2016-09-02 18:28:14.960837] the prices on table [profit] is reflesh!

[2016-09-05 16:34:07.146549] all stock hist data is fetched!
[2016-09-05 17:01:34.295459] hfq & qfq is computed and saved!
[2016-09-05 17:37:44.443775] the price wave on table [data_hist] is indentified!
[2016-09-05 17:40:44.993518] the peaks and botts and days from newly one on table [profit] is reflesh!
[2016-09-05 17:42:15.995875] the prices on table [profit] is reflesh!

[2016-09-06 16:33:02.280461] all stock hist data is fetched!
[2016-09-06 16:59:39.286487] hfq & qfq is computed and saved!
[2016-09-06 17:34:47.778944] the price wave on table [data_hist] is indentified!
[2016-09-06 17:37:52.555419] the peaks and botts and days from newly one on table [profit] is reflesh!
[2016-09-06 17:39:04.913801] the prices on table [profit] is reflesh!

[2016-09-07 16:51:50.908252] all stock hist data is fetched!
[2016-09-07 17:20:35.876685] hfq & qfq is computed and saved!
[2016-09-07 17:56:37.167063] the price wave on table [data_hist] is indentified!
[2016-09-07 17:59:36.429282] the peaks and botts and days from newly one on table [profit] is reflesh!
[2016-09-07 18:01:44.705518] the prices on table [profit] is reflesh!

[2016-09-08 17:26:34.906060] all stock hist data is fetched!
[2016-09-08 17:54:40.307190] hfq & qfq is computed and saved!
[2016-09-08 18:30:32.436197] the price wave on table [data_hist] is indentified!
[2016-09-08 18:33:37.646169] the peaks and botts and days from newly one on table [profit] is reflesh!
[2016-09-08 18:34:42.638723] the prices on table [profit] is reflesh!

[2016-09-09 16:03:28.062760] stock basics is fetched!
[2016-09-09 16:36:47.757517] all stock hist data is fetched!
[2016-09-09 17:02:37.889794] hfq & qfq is computed and saved!
[2016-09-09 17:39:07.973128] the price wave on table [data_hist] is indentified!
[2016-09-09 17:42:09.856038] the peaks and botts and days from newly one on table [profit] is reflesh!
[2016-09-09 17:43:06.801100] the prices on table [profit] is reflesh!

[2016-09-12 16:38:39.019456] all stock hist data is fetched!
[2016-09-12 17:05:02.033885] hfq & qfq is computed and saved!
[2016-09-12 17:41:32.793355] the price wave on table [data_hist] is indentified!
[2016-09-12 17:44:36.715352] the peaks and botts and days from newly one on table [profit] is reflesh!
[2016-09-12 17:45:45.759375] the prices on table [profit] is reflesh!

[2016-09-13 17:19:06.860675] all stock hist data is fetched!
[2016-09-13 17:51:01.503917] hfq & qfq is computed and saved!
[2016-09-13 18:26:06.916199] the price wave on table [data_hist] is indentified!
[2016-09-13 18:29:12.393307] the peaks and botts and days from newly one on table [profit] is reflesh!
[2016-09-13 18:30:39.240793] the prices on table [profit] is reflesh!

[2016-09-14 16:36:16.669669] all stock hist data is fetched!
[2016-09-14 17:01:42.047932] hfq & qfq is computed and saved!
[2016-09-14 17:38:06.685976] the price wave on table [data_hist] is indentified!
[2016-09-14 17:41:11.585042] the peaks and botts and days from newly one on table [profit] is reflesh!
[2016-09-14 17:42:59.473193] the prices on table [profit] is reflesh!

[2016-09-15 16:27:13.099165] all stock hist data is fetched!
[2016-09-15 16:29:09.807781] hfq & qfq is computed and saved!
[2016-09-15 16:51:25.732001] the price wave on table [data_hist] is indentified!
[2016-09-15 16:54:32.633572] the peaks and botts and days from newly one on table [profit] is reflesh!
[2016-09-15 16:55:25.266431] the prices on table [profit] is reflesh!

[2016-09-16 16:02:51.445276] stock basics is fetched!
[2016-09-16 16:27:28.919958] all stock hist data is fetched!
[2016-09-16 16:29:14.973947] hfq & qfq is computed and saved!
[2016-09-16 17:00:23.957747] the price wave on table [data_hist] is indentified!
[2016-09-16 17:03:26.050735] the peaks and botts and days from newly one on table [profit] is reflesh!
[2016-09-16 18:43:13.916830] the prices on table [profit] is reflesh!


[2016-09-19 16:35:25.148467] all stock hist data is fetched!
[2016-09-19 17:17:23.320186] hfq & qfq is computed and saved!
[2016-09-19 17:57:39.703066] the price wave on table [data_hist] is indentified!
[2016-09-19 18:00:48.072484] the peaks and botts and days from newly one on table [profit] is reflesh!
[2016-09-19 18:02:17.571181] the prices on table [profit] is reflesh!

[2016-09-20 16:31:32.103248] all stock hist data is fetched!
[2016-09-20 17:03:12.467963] hfq & qfq is computed and saved!
[2016-09-20 17:43:50.453864] the price wave on table [data_hist] is indentified!
[2016-09-20 17:47:01.473745] the peaks and botts and days from newly one on table [profit] is reflesh!
[2016-09-20 17:49:30.512325] the prices on table [profit] is reflesh!

[2016-09-21 16:29:14.598702] all stock hist data is fetched!
[2016-09-21 16:56:50.850397] hfq & qfq is computed and saved!
[2016-09-21 17:32:55.096499] the price wave on table [data_hist] is indentified!
[2016-09-21 17:36:07.629126] the peaks and botts and days from newly one on table [profit] is reflesh!
[2016-09-21 17:38:12.414523] the prices on table [profit] is reflesh!

[2016-09-22 16:59:11.643854] all stock hist data is fetched!
[2016-09-22 17:27:32.483784] hfq & qfq is computed and saved!
[2016-09-22 18:03:24.751361] the price wave on table [data_hist] is indentified!
[2016-09-22 18:06:30.230556] the peaks and botts and days from newly one on table [profit] is reflesh!
[2016-09-22 18:07:48.747835] the prices on table [profit] is reflesh!

[2016-09-23 16:02:54.534882] stock basics is fetched!
[2016-09-23 16:37:37.388224] all stock hist data is fetched!
[2016-09-23 17:03:52.832355] hfq & qfq is computed and saved!
[2016-09-23 17:42:13.605105] the price wave on table [data_hist] is indentified!
[2016-09-23 17:45:25.263499] the peaks and botts and days from newly one on table [profit] is reflesh!
[2016-09-23 17:46:42.104278] the prices on table [profit] is reflesh!

[2016-09-26 16:37:35.247046] all stock hist data is fetched!
[2016-09-26 17:03:15.359543] hfq & qfq is computed and saved!
[2016-09-26 17:45:53.843921] the price wave on table [data_hist] is indentified!
[2016-09-26 17:49:01.181003] the peaks and botts and days from newly one on table [profit] is reflesh!
[2016-09-26 17:52:40.454793] the prices on table [profit] is reflesh!

[2016-09-27 16:58:38.343203] all stock hist data is fetched!
[2016-09-27 17:37:26.118807] hfq & qfq is computed and saved!
[2016-09-27 18:51:49.508947] the price wave on table [data_hist] is indentified!
[2016-09-27 18:56:51.483313] the peaks and botts and days from newly one on table [profit] is reflesh!
[2016-09-27 19:02:01.266688] the prices on table [profit] is reflesh!

[2016-09-28 17:24:36.575092] all stock hist data is fetched!
[2016-09-28 17:52:42.324184] hfq & qfq is computed and saved!
[2016-09-28 18:30:29.185097] the price wave on table [data_hist] is indentified!
[2016-09-28 18:33:40.212498] the peaks and botts and days from newly one on table [profit] is reflesh!
[2016-09-28 18:35:11.871014] the prices on table [profit] is reflesh!

[2016-09-29 18:21:25.694756] all stock hist data is fetched!
[2016-09-29 18:49:19.748636] hfq & qfq is computed and saved!
[2016-09-29 19:28:08.874099] the price wave on table [data_hist] is indentified!
[2016-09-29 19:31:13.960175] the peaks and botts and days from newly one on table [profit] is reflesh!
[2016-09-29 19:32:18.463666] the prices on table [profit] is reflesh!

[2016-09-30 16:02:48.994465] stock basics is fetched!
[2016-09-30 16:50:47.155768] all stock hist data is fetched!
[2016-09-30 17:18:38.801048] hfq & qfq is computed and saved!
[2016-09-30 17:57:28.925640] the price wave on table [data_hist] is indentified!
[2016-09-30 18:00:35.044039] the peaks and botts and days from newly one on table [profit] is reflesh!
[2016-09-30 18:02:20.551912] the prices on table [profit] is reflesh!

[2016-10-03 16:29:37.454338] all stock hist data is fetched!
[2016-10-03 16:31:44.304768] hfq & qfq is computed and saved!
[2016-10-03 16:56:36.190926] the price wave on table [data_hist] is indentified!
[2016-10-03 16:59:46.533907] the peaks and botts and days from newly one on table [profit] is reflesh!
[2016-10-03 17:02:00.922344] the prices on table [profit] is reflesh!

[2016-10-04 16:30:49.763355] all stock hist data is fetched!
[2016-10-04 16:33:22.887603] hfq & qfq is computed and saved!
[2016-10-04 17:06:44.281603] the price wave on table [data_hist] is indentified!
[2016-10-04 17:09:45.702110] the peaks and botts and days from newly one on table [profit] is reflesh!
[2016-10-04 19:23:38.217752] the prices on table [profit] is reflesh!

[2016-10-05 16:29:19.870882] all stock hist data is fetched!
[2016-10-05 18:31:43.811594] hfq & qfq is computed and saved!
[2016-10-05 18:55:04.547078] the price wave on table [data_hist] is indentified!
[2016-10-05 18:58:07.564440] the peaks and botts and days from newly one on table [profit] is reflesh!
[2016-10-05 18:59:08.959371] the prices on table [profit] is reflesh!

[2016-10-06 16:31:13.876473] all stock hist data is fetched!
[2016-10-06 18:34:03.638452] hfq & qfq is computed and saved!
[2016-10-06 19:04:52.843053] the price wave on table [data_hist] is indentified!
[2016-10-06 19:07:53.479128] the peaks and botts and days from newly one on table [profit] is reflesh!
[2016-10-06 21:09:54.705142] the prices on table [profit] is reflesh!

[2016-10-07 16:03:00.783221] stock basics is fetched!
[2016-10-07 16:33:05.642254] all stock hist data is fetched!
[2016-10-07 18:39:25.116632] hfq & qfq is computed and saved!
[2016-10-07 19:02:08.465035] the price wave on table [data_hist] is indentified!
[2016-10-07 19:05:15.042710] the peaks and botts and days from newly one on table [profit] is reflesh!
[2016-10-07 21:10:16.595531] the prices on table [profit] is reflesh!



[2016-10-31 10:55:23.002954] all stock hist data is fetched!


[2016-10-31 12:10:46.594433] all stock hist data is fetched!
[2016-10-31 13:43:19.123455] hfq & qfq is computed and saved!
[2016-10-31 14:06:52.217793] the price wave on table [data_hist] is indentified!
[2016-10-31 14:11:04.579656] the peaks and botts and days from newly one on table [profit] is reflesh!
[2016-10-31 14:16:45.680224] the prices on table [profit] is reflesh!

[2016-10-31 16:29:44.071392] all stock hist data is fetched!
[2016-10-31 17:34:03.785222] hfq & qfq is computed and saved!
[2016-10-31 18:06:04.497803] the price wave on table [data_hist] is indentified!
[2016-10-31 18:09:05.684728] the peaks and botts and days from newly one on table [profit] is reflesh!
[2016-10-31 18:10:00.562834] the prices on table [profit] is reflesh!

[2016-11-01 16:25:14.561389] all stock hist data is fetched!
[2016-11-01 16:39:09.662818] hfq & qfq is computed and saved!
[2016-11-01 17:13:35.804003] the price wave on table [data_hist] is indentified!
[2016-11-01 17:16:39.415493] the peaks and botts and days from newly one on table [profit] is reflesh!
[2016-11-01 17:17:55.947568] the prices on table [profit] is reflesh!

[2016-11-02 16:25:44.877409] all stock hist data is fetched!
[2016-11-02 16:39:07.008057] hfq & qfq is computed and saved!
[2016-11-02 17:13:14.576317] the price wave on table [data_hist] is indentified!
[2016-11-02 17:16:15.957510] the peaks and botts and days from newly one on table [profit] is reflesh!
[2016-11-02 17:17:16.610960] the prices on table [profit] is reflesh!

[2016-11-03 16:28:20.071841] all stock hist data is fetched!
[2016-11-03 17:23:00.412839] hfq & qfq is computed and saved!
[2016-11-03 18:01:01.813515] the price wave on table [data_hist] is indentified!
[2016-11-03 18:03:58.294227] the peaks and botts and days from newly one on table [profit] is reflesh!
[2016-11-03 18:04:47.287315] the prices on table [profit] is reflesh!


[2016-11-07 16:26:43.363405] all stock hist data is fetched!
[2016-11-07 17:03:11.241472] hfq & qfq is computed and saved!
[2016-11-07 17:40:02.107066] the price wave on table [data_hist] is indentified!
[2016-11-07 17:42:58.500558] the peaks and botts and days from newly one on table [profit] is reflesh!
[2016-11-07 17:43:56.164549] the prices on table [profit] is reflesh!

[2016-11-08 16:27:20.478340] all stock hist data is fetched!
[2016-11-08 17:38:11.164869] hfq & qfq is computed and saved!
[2016-11-08 18:01:43.728464] the price wave on table [data_hist] is indentified!
[2016-11-08 18:04:42.519944] the peaks and botts and days from newly one on table [profit] is reflesh!
[2016-11-08 18:05:43.670441] the prices on table [profit] is reflesh!

[2016-11-09 16:27:00.153712] all stock hist data is fetched!
[2016-11-09 16:59:35.603802] hfq & qfq is computed and saved!
[2016-11-09 17:39:22.631296] the price wave on table [data_hist] is indentified!
[2016-11-09 17:42:22.202929] the peaks and botts and days from newly one on table [profit] is reflesh!
[2016-11-09 17:43:48.177307] the prices on table [profit] is reflesh!

[2016-11-10 16:27:35.906228] all stock hist data is fetched!
[2016-11-10 16:57:34.117614] hfq & qfq is computed and saved!
[2016-11-10 17:37:36.799641] the price wave on table [data_hist] is indentified!
[2016-11-10 17:40:33.923588] the peaks and botts and days from newly one on table [profit] is reflesh!
[2016-11-10 17:42:10.509409] the prices on table [profit] is reflesh!

[2016-11-11 16:02:51.827329] stock basics is fetched!

[2016-11-14 16:26:32.370332] all stock hist data is fetched!
[2016-11-14 16:56:32.598389] hfq & qfq is computed and saved!
[2016-11-14 17:39:10.118972] the price wave on table [data_hist] is indentified!
[2016-11-14 17:42:06.788863] the peaks and botts and days from newly one on table [profit] is reflesh!
[2016-11-14 17:43:02.136260] the prices on table [profit] is reflesh!

[2016-11-15 16:26:55.883325] all stock hist data is fetched!
[2016-11-15 16:54:47.888080] hfq & qfq is computed and saved!
[2016-11-15 17:36:19.447503] the price wave on table [data_hist] is indentified!
[2016-11-15 17:39:18.082994] the peaks and botts and days from newly one on table [profit] is reflesh!
[2016-11-15 17:40:49.014915] the prices on table [profit] is reflesh!

[2016-11-16 16:31:55.410452] all stock hist data is fetched!
[2016-11-16 17:03:44.572300] hfq & qfq is computed and saved!
[2016-11-16 17:43:50.781723] the price wave on table [data_hist] is indentified!
[2016-11-16 17:46:50.153463] the peaks and botts and days from newly one on table [profit] is reflesh!
[2016-11-16 17:47:40.914834] the prices on table [profit] is reflesh!

[2016-11-17 16:30:29.840331] all stock hist data is fetched!
[2016-11-17 17:07:07.912799] hfq & qfq is computed and saved!
[2016-11-17 17:49:37.443457] the price wave on table [data_hist] is indentified!
[2016-11-17 17:52:34.629050] the peaks and botts and days from newly one on table [profit] is reflesh!
[2016-11-17 17:54:46.031843] the prices on table [profit] is reflesh!



[2016-11-18 16:03:11.022908] stock basics is fetched!
[2016-11-18 16:35:28.375558] all stock hist data is fetched!
[2016-11-18 17:15:34.334642] hfq & qfq is computed and saved!
[2016-11-18 17:56:28.484419] the price wave on table [data_hist] is indentified!
[2016-11-18 17:59:26.545102] the peaks and botts and days from newly one on table [profit] is reflesh!
[2016-11-18 18:02:26.559405] the prices on table [profit] is reflesh!

[2016-11-21 17:58:06.053703] all stock hist data is fetched!
[2016-11-21 18:35:46.322871] hfq & qfq is computed and saved!
[2016-11-21 19:17:51.979227] the price wave on table [data_hist] is indentified!
[2016-11-21 19:20:47.310830] the peaks and botts and days from newly one on table [profit] is reflesh!
[2016-11-21 19:22:44.579212] the prices on table [profit] is reflesh!

[2016-11-22 16:30:23.370606] all stock hist data is fetched!
[2016-11-22 17:30:09.972480] hfq & qfq is computed and saved!
[2016-11-22 18:13:26.857822] the price wave on table [data_hist] is indentified!
[2016-11-22 18:16:26.285131] the peaks and botts and days from newly one on table [profit] is reflesh!
[2016-11-22 18:17:32.636943] the prices on table [profit] is reflesh!

[2016-11-23 16:29:23.051574] all stock hist data is fetched!
[2016-11-23 17:29:53.667803] hfq & qfq is computed and saved!
[2016-11-23 18:15:17.490349] the price wave on table [data_hist] is indentified!
[2016-11-23 18:18:12.356786] the peaks and botts and days from newly one on table [profit] is reflesh!
[2016-11-23 18:19:06.979105] the prices on table [profit] is reflesh!

[2016-11-24 16:28:47.026674] all stock hist data is fetched!
[2016-11-24 18:41:40.454853] hfq & qfq is computed and saved!
[2016-11-24 19:25:17.267738] the price wave on table [data_hist] is indentified!
[2016-11-24 19:28:13.198804] the peaks and botts and days from newly one on table [profit] is reflesh!
[2016-11-24 19:29:30.669201] the prices on table [profit] is reflesh!







[2002-01-16 16:03:30.350592] all stock hist data is fetched!
[2002-01-16 17:23:32.874602] hfq & qfq is computed and saved!
[2002-01-16 17:45:06.369555] the price wave on table [data_hist] is indentified!
[2002-01-16 17:48:06.078412] the peaks and botts and days from newly one on table [profit] is reflesh!
[2002-01-16 17:49:09.341449] the prices on table [profit] is reflesh!

[2017-05-16 17:19:18.169950] all stock hist data is fetched!

[2017-05-17 16:34:04.541110] all stock hist data is fetched!
[2017-05-17 21:34:56.633829] hfq & qfq is computed and saved!
[2017-05-17 22:07:57.435736] the price wave on table [data_hist] is indentified!
[2017-05-17 22:11:06.663945] the peaks and botts and days from newly one on table [profit] is reflesh!

[2017-05-18 16:29:50.563226] all stock hist data is fetched!
[2017-05-18 20:22:58.837586] hfq & qfq is computed and saved!
[2017-05-18 20:50:40.680056] the price wave on table [data_hist] is indentified!
[2017-05-18 20:54:35.597880] the peaks and botts and days from newly one on table [profit] is reflesh!

[2017-05-19 16:03:54.737734] stock basics is fetched!
[2017-05-19 16:32:31.680528] all stock hist data is fetched!
[2017-05-19 21:13:08.298420] hfq & qfq is computed and saved!
[2017-05-19 21:51:39.690122] the price wave on table [data_hist] is indentified!
[2017-05-19 21:54:41.567716] the peaks and botts and days from newly one on table [profit] is reflesh!




[2017-06-02 16:04:31.623580] stock basics is fetched!
[2017-06-02 16:35:21.978216] all stock hist data is fetched!
[2017-06-02 22:00:22.299001] hfq & qfq is computed and saved!
[2017-06-02 22:35:47.749532] the price wave on table [data_hist] is indentified!
[2017-06-02 22:41:22.113237] the peaks and botts and days from newly one on table [profit] is reflesh!

[2017-06-05 16:30:57.932421] all stock hist data is fetched!
[2017-06-05 22:04:44.231882] hfq & qfq is computed and saved!
[2017-06-05 22:44:42.318915] the price wave on table [data_hist] is indentified!
[2017-06-05 22:47:35.941340] the peaks and botts and days from newly one on table [profit] is reflesh!

[2017-06-06 16:28:41.089187] all stock hist data is fetched!
[2017-06-06 22:18:11.053468] hfq & qfq is computed and saved!
[2017-06-06 22:49:55.187680] the price wave on table [data_hist] is indentified!
[2017-06-06 22:53:01.964528] the peaks and botts and days from newly one on table [profit] is reflesh!

[2017-06-07 16:34:34.136134] all stock hist data is fetched!
[2017-06-07 22:17:20.489010] hfq & qfq is computed and saved!
[2017-06-07 22:48:07.512483] the price wave on table [data_hist] is indentified!
[2017-06-07 22:51:05.936663] the peaks and botts and days from newly one on table [profit] is reflesh!

[2017-06-08 16:34:14.082807] all stock hist data is fetched!
[2017-06-08 22:39:30.160437] hfq & qfq is computed and saved!
[2017-06-08 23:10:07.931652] the price wave on table [data_hist] is indentified!
[2017-06-08 23:13:03.296863] the peaks and botts and days from newly one on table [profit] is reflesh!

[2017-06-09 16:04:19.135384] stock basics is fetched!
[2017-06-09 16:36:20.366489] all stock hist data is fetched!
[2017-06-09 23:07:28.651944] hfq & qfq is computed and saved!
[2017-06-09 23:38:28.975508] the price wave on table [data_hist] is indentified!
[2017-06-09 23:41:28.692304] the peaks and botts and days from newly one on table [profit] is reflesh!

[2017-06-12 16:44:55.929852] all stock hist data is fetched!
[2017-06-12 23:07:37.988548] hfq & qfq is computed and saved!
[2017-06-12 23:38:45.119920] the price wave on table [data_hist] is indentified!
[2017-06-12 23:41:43.517115] the peaks and botts and days from newly one on table [profit] is reflesh!

[2017-06-13 16:33:36.714724] all stock hist data is fetched!
[2017-06-13 23:04:30.888676] hfq & qfq is computed and saved!
[2017-06-13 23:45:31.110617] the price wave on table [data_hist] is indentified!
[2017-06-13 23:48:28.752929] the peaks and botts and days from newly one on table [profit] is reflesh!

[2017-06-14 16:32:18.990449] all stock hist data is fetched!
[2017-06-14 23:04:43.637792] hfq & qfq is computed and saved!
[2017-06-14 23:49:24.770786] the price wave on table [data_hist] is indentified!
[2017-06-14 23:52:18.511615] the peaks and botts and days from newly one on table [profit] is reflesh!

[2017-06-15 16:34:38.096282] all stock hist data is fetched!
[2017-06-15 23:07:54.067085] hfq & qfq is computed and saved!
[2017-06-15 23:46:01.265225] the price wave on table [data_hist] is indentified!
[2017-06-15 23:51:41.125432] the peaks and botts and days from newly one on table [profit] is reflesh!

[2017-06-16 16:04:32.116147] stock basics is fetched!
[2017-06-16 16:39:43.460866] all stock hist data is fetched!
[2017-06-16 23:16:01.352055] hfq & qfq is computed and saved!
[2017-06-16 23:48:34.057325] the price wave on table [data_hist] is indentified!
[2017-06-16 23:51:33.803898] the peaks and botts and days from newly one on table [profit] is reflesh!

[2017-06-19 17:11:35.148091] all stock hist data is fetched!
[2017-06-20 00:32:17.233015] hfq & qfq is computed and saved!
[2017-06-20 01:05:44.068154] the price wave on table [data_hist] is indentified!
[2017-06-20 01:08:44.326719] the peaks and botts and days from newly one on table [profit] is reflesh!

[2017-06-20 16:35:04.205012] all stock hist data is fetched!
[2017-06-20 23:38:15.100903] hfq & qfq is computed and saved!
[2017-06-21 00:25:31.193186] the price wave on table [data_hist] is indentified!
[2017-06-21 00:28:29.684718] the peaks and botts and days from newly one on table [profit] is reflesh!

[2017-06-21 16:33:11.528456] all stock hist data is fetched!

[2017-06-22 16:43:34.641285] all stock hist data is fetched!

[2017-06-23 16:03:44.259905] stock basics is fetched!
[2017-06-23 16:34:52.940466] all stock hist data is fetched!
[2017-06-23 22:08:04.803683] hfq & qfq is computed and saved!
[2017-06-23 22:50:49.116592] the price wave on table [data_hist] is indentified!
[2017-06-23 22:53:43.502512] the peaks and botts and days from newly one on table [profit] is reflesh!


[2017-06-27 16:32:27.339716] all stock hist data is fetched!
[2017-06-27 23:31:56.745955] hfq & qfq is computed and saved!
[2017-06-28 00:06:05.933127] the price wave on table [data_hist] is indentified!
[2017-06-28 00:09:08.655955] the peaks and botts and days from newly one on table [profit] is reflesh!

